INFO: 2024/07/18 13:10:00 errsend.go:61: Excel data read successfully without errors
INFO: 2024/07/18 13:10:00 errsend.go:61: Email successfully sent to juntao.qiu@clinflash.com
INFO: 2024/07/18 13:10:00 errsend.go:61: Birthday email sent to 仇峻韬
INFO: 2024/07/18 13:10:00 errsend.go:61: Email successfully sent to juntao.qiu@clinflash.com
INFO: 2024/07/18 13:10:00 errsend.go:61: Work anniversary email sent to 仇峻韬
INFO: 2024/07/18 13:10:00 errsend.go:61: Daily email check and send completed
INFO: 2024/07/18 13:15:00 errsend.go:61: Email successfully sent to 2261576876@qq.com
INFO: 2024/07/18 13:15:00 errsend.go:61: Email successfully sent to 2261576876@qq.com
INFO: 2024/07/18 13:23:00 errsend.go:61: Email successfully sent to 2261576876@qq.com
INFO: 2024/07/18 13:23:00 errsend.go:61: Email successfully sent to juntao.qiu@clinflash.com
INFO: 2024/07/18 13:23:00 errsend.go:61: Birthday email sent to 仇峻韬
INFO: 2024/07/18 13:23:00 errsend.go:61: Email successfully sent to juntao.qiu@clinflash.com
INFO: 2024/07/18 13:23:00 errsend.go:61: Work anniversary email sent to 仇峻韬
INFO: 2024/07/18 13:23:01 errsend.go:61: Email successfully sent to juntao.qiu@clinflash.com
INFO: 2024/07/18 13:23:01 errsend.go:61: Birthday email sent to A
INFO: 2024/07/18 13:23:01 errsend.go:61: Email successfully sent to juntao.qiu@clinflash.com
INFO: 2024/07/18 13:23:01 errsend.go:61: Work anniversary email sent to A
INFO: 2024/07/18 13:23:01 errsend.go:61: Email successfully sent to ce505qjt@sohu.com
INFO: 2024/07/18 13:23:01 errsend.go:61: Birthday email sent to C
INFO: 2024/07/18 13:23:01 errsend.go:61: Email successfully sent to ce505qjt@sohu.com
INFO: 2024/07/18 13:23:01 errsend.go:61: Work anniversary email sent to C
INFO: 2024/07/18 13:23:01 errsend.go:61: Email successfully sent to 22320216@hdu.edu.cn
INFO: 2024/07/18 13:23:01 errsend.go:61: Birthday email sent to D
INFO: 2024/07/18 13:23:02 errsend.go:61: Email successfully sent to 22320216@hdu.edu.cn
INFO: 2024/07/18 13:23:02 errsend.go:61: Work anniversary email sent to D
INFO: 2024/07/18 13:23:02 errsend.go:61: Email successfully sent to qjt22320216@gmail.com
INFO: 2024/07/18 13:23:02 errsend.go:61: Birthday email sent to E
INFO: 2024/07/18 13:23:02 errsend.go:61: Email successfully sent to qjt22320216@gmail.com
INFO: 2024/07/18 13:23:02 errsend.go:61: Work anniversary email sent to E
INFO: 2024/07/18 13:23:02 errsend.go:61: Daily email check and send completed
INFO: 2024/07/18 13:24:00 errsend.go:61: Excel data read successfully without errors
INFO: 2024/07/18 13:24:00 errsend.go:61: Email successfully sent to juntao.qiu@clinflash.com
INFO: 2024/07/18 13:24:00 errsend.go:61: Birthday email sent to 仇峻韬
INFO: 2024/07/18 13:24:00 errsend.go:61: Email successfully sent to juntao.qiu@clinflash.com
INFO: 2024/07/18 13:24:00 errsend.go:61: Work anniversary email sent to 仇峻韬
INFO: 2024/07/18 13:24:00 errsend.go:61: Email successfully sent to juntao.qiu@clinflash.com
INFO: 2024/07/18 13:24:00 errsend.go:61: Birthday email sent to A
INFO: 2024/07/18 13:24:00 errsend.go:61: Email successfully sent to juntao.qiu@clinflash.com
INFO: 2024/07/18 13:24:00 errsend.go:61: Work anniversary email sent to A
INFO: 2024/07/18 13:24:01 errsend.go:61: Email successfully sent to 2261576876@qq.com
INFO: 2024/07/18 13:24:01 errsend.go:61: Birthday email sent to B
INFO: 2024/07/18 13:24:01 errsend.go:61: Email successfully sent to 2261576876@qq.com
INFO: 2024/07/18 13:24:01 errsend.go:61: Work anniversary email sent to B
INFO: 2024/07/18 13:24:01 errsend.go:61: Email successfully sent to ce505qjt@sohu.com
INFO: 2024/07/18 13:24:01 errsend.go:61: Birthday email sent to C
INFO: 2024/07/18 13:24:01 errsend.go:61: Email successfully sent to ce505qjt@sohu.com
INFO: 2024/07/18 13:24:01 errsend.go:61: Work anniversary email sent to C
INFO: 2024/07/18 13:24:02 errsend.go:61: Email successfully sent to 22320216@hdu.edu.cn
INFO: 2024/07/18 13:24:02 errsend.go:61: Birthday email sent to D
INFO: 2024/07/18 13:24:02 errsend.go:61: Email successfully sent to 22320216@hdu.edu.cn
INFO: 2024/07/18 13:24:02 errsend.go:61: Work anniversary email sent to D
INFO: 2024/07/18 13:24:02 errsend.go:61: Email successfully sent to qjt22320216@gmail.com
INFO: 2024/07/18 13:24:02 errsend.go:61: Birthday email sent to E
INFO: 2024/07/18 13:24:02 errsend.go:61: Email successfully sent to qjt22320216@gmail.com
INFO: 2024/07/18 13:24:02 errsend.go:61: Work anniversary email sent to E
INFO: 2024/07/18 13:24:02 errsend.go:61: Daily email check and send completed
INFO: 2024/07/18 13:24:03 errsend.go:61: Email successfully sent to 2261576876@qq.com
INFO: 2024/07/18 13:31:00 errsend.go:61: Email successfully sent to 2261576876@qq.com
INFO: 2024/07/18 13:31:00 errsend.go:61: Email successfully sent to juntao.qiu@clinflash.com
INFO: 2024/07/18 13:31:00 errsend.go:61: Birthday email sent to 仇峻韬
INFO: 2024/07/18 13:31:00 errsend.go:61: Email successfully sent to juntao.qiu@clinflash.com
INFO: 2024/07/18 13:31:00 errsend.go:61: Work anniversary email sent to 仇峻韬
INFO: 2024/07/18 13:31:01 errsend.go:61: Email successfully sent to juntao.qiu@clinflash.com
INFO: 2024/07/18 13:31:01 errsend.go:61: Birthday email sent to A
INFO: 2024/07/18 13:31:01 errsend.go:61: Email successfully sent to juntao.qiu@clinflash.com
INFO: 2024/07/18 13:31:01 errsend.go:61: Work anniversary email sent to A
INFO: 2024/07/18 13:31:01 errsend.go:61: Email successfully sent to ce505qjt@sohu.com
INFO: 2024/07/18 13:31:01 errsend.go:61: Birthday email sent to C
INFO: 2024/07/18 13:31:01 errsend.go:61: Email successfully sent to ce505qjt@sohu.com
INFO: 2024/07/18 13:31:01 errsend.go:61: Work anniversary email sent to C
INFO: 2024/07/18 13:31:01 errsend.go:61: Email successfully sent to 22320216@hdu.edu.cn
INFO: 2024/07/18 13:31:01 errsend.go:61: Birthday email sent to D
INFO: 2024/07/18 13:31:02 errsend.go:61: Email successfully sent to 22320216@hdu.edu.cn
INFO: 2024/07/18 13:31:02 errsend.go:61: Work anniversary email sent to D
INFO: 2024/07/18 13:31:02 errsend.go:61: Email successfully sent to qjt22320216@gmail.com
INFO: 2024/07/18 13:31:02 errsend.go:61: Birthday email sent to E
INFO: 2024/07/18 13:31:02 errsend.go:61: Email successfully sent to qjt22320216@gmail.com
INFO: 2024/07/18 13:31:02 errsend.go:61: Work anniversary email sent to E
INFO: 2024/07/18 13:31:02 errsend.go:61: Daily email check and send completed
INFO: 2024/07/18 13:32:00 errsend.go:61: Excel data read successfully without errors
INFO: 2024/07/18 13:32:00 errsend.go:61: Email successfully sent to juntao.qiu@clinflash.com
INFO: 2024/07/18 13:32:00 errsend.go:61: Birthday email sent to 仇峻韬
INFO: 2024/07/18 13:32:00 errsend.go:61: Email successfully sent to juntao.qiu@clinflash.com
INFO: 2024/07/18 13:32:00 errsend.go:61: Work anniversary email sent to 仇峻韬
INFO: 2024/07/18 13:32:00 errsend.go:61: Email successfully sent to juntao.qiu@clinflash.com
INFO: 2024/07/18 13:32:00 errsend.go:61: Birthday email sent to A
INFO: 2024/07/18 13:32:01 errsend.go:61: Email successfully sent to juntao.qiu@clinflash.com
INFO: 2024/07/18 13:32:01 errsend.go:61: Work anniversary email sent to A
INFO: 2024/07/18 13:32:01 errsend.go:61: Email successfully sent to 2261576876@qq.com
INFO: 2024/07/18 13:32:01 errsend.go:61: Birthday email sent to B
INFO: 2024/07/18 13:32:01 errsend.go:61: Email successfully sent to 2261576876@qq.com
INFO: 2024/07/18 13:32:01 errsend.go:61: Work anniversary email sent to B
INFO: 2024/07/18 13:32:01 errsend.go:61: Email successfully sent to ce505qjt@sohu.com
INFO: 2024/07/18 13:32:01 errsend.go:61: Birthday email sent to C
INFO: 2024/07/18 13:32:02 errsend.go:61: Email successfully sent to ce505qjt@sohu.com
INFO: 2024/07/18 13:32:02 errsend.go:61: Work anniversary email sent to C
INFO: 2024/07/18 13:32:02 errsend.go:61: Email successfully sent to 22320216@hdu.edu.cn
INFO: 2024/07/18 13:32:02 errsend.go:61: Birthday email sent to D
INFO: 2024/07/18 13:32:02 errsend.go:61: Email successfully sent to 22320216@hdu.edu.cn
INFO: 2024/07/18 13:32:02 errsend.go:61: Work anniversary email sent to D
INFO: 2024/07/18 13:32:02 errsend.go:61: Email successfully sent to qjt22320216@gmail.com
INFO: 2024/07/18 13:32:02 errsend.go:61: Birthday email sent to E
INFO: 2024/07/18 13:32:03 errsend.go:61: Email successfully sent to qjt22320216@gmail.com
INFO: 2024/07/18 13:32:03 errsend.go:61: Work anniversary email sent to E
INFO: 2024/07/18 13:32:03 errsend.go:61: Daily email check and send completed
INFO: 2024/07/18 13:43:00 errsend.go:61: Email successfully sent to 2261576876@qq.com
INFO: 2024/07/18 13:43:00 errsend.go:61: Email successfully sent to juntao.qiu@clinflash.com
INFO: 2024/07/18 13:43:00 errsend.go:61: Birthday email sent to 仇峻韬
INFO: 2024/07/18 13:43:00 errsend.go:61: Email successfully sent to juntao.qiu@clinflash.com
INFO: 2024/07/18 13:43:00 errsend.go:61: Work anniversary email sent to 仇峻韬
INFO: 2024/07/18 13:43:01 errsend.go:61: Email successfully sent to juntao.qiu@clinflash.com
INFO: 2024/07/18 13:43:01 errsend.go:61: Birthday email sent to A
INFO: 2024/07/18 13:43:01 errsend.go:61: Email successfully sent to juntao.qiu@clinflash.com
INFO: 2024/07/18 13:43:01 errsend.go:61: Work anniversary email sent to A
INFO: 2024/07/18 13:43:01 errsend.go:61: Email successfully sent to ce505qjt@sohu.com
INFO: 2024/07/18 13:43:01 errsend.go:61: Birthday email sent to C
INFO: 2024/07/18 13:43:01 errsend.go:61: Email successfully sent to ce505qjt@sohu.com
INFO: 2024/07/18 13:43:01 errsend.go:61: Work anniversary email sent to C
INFO: 2024/07/18 13:43:02 errsend.go:61: Email successfully sent to 22320216@hdu.edu.cn
INFO: 2024/07/18 13:43:02 errsend.go:61: Birthday email sent to D
INFO: 2024/07/18 13:43:02 errsend.go:61: Email successfully sent to 22320216@hdu.edu.cn
INFO: 2024/07/18 13:43:02 errsend.go:61: Work anniversary email sent to D
INFO: 2024/07/18 13:43:02 errsend.go:61: Email successfully sent to qjt22320216@gmail.com
INFO: 2024/07/18 13:43:02 errsend.go:61: Birthday email sent to E
INFO: 2024/07/18 13:43:02 errsend.go:61: Email successfully sent to qjt22320216@gmail.com
INFO: 2024/07/18 13:43:02 errsend.go:61: Work anniversary email sent to E
INFO: 2024/07/18 13:43:02 errsend.go:61: Daily email check and send completed
